<?xml version="1.0" encoding="UTF-8"?>
<testsuites name="Test Suite" tests="5" failures="1" errors="0" time="11.8" timestamp="2026-01-26T10:00:00">
  <testsuite name="LoginTests" tests="3" failures="0" time="4.8">
    <testcase classname="LoginTests" name="should login with valid credentials" time="1.1"/>
    <testcase classname="LoginTests" name="should show error for invalid password" time="0.9"/>
    <testcase classname="LoginTests" name="should handle network timeout" time="2.8"/>
  </testsuite>
  <testsuite name="CartTests" tests="2" failures="1" time="7.0">
    <testcase classname="CartTests" name="should add item to cart" time="2.0"/>
    <testcase classname="CartTests" name="should calculate total correctly" time="5.0">
      <failure message="Race condition in cart update">
        AssertionError: Expected total to be 99.99 but got 0
        at CartTests.testCalculateTotal (tests/cart.spec.ts:32:8)
      </failure>
    </testcase>
  </testsuite>
</testsuites>
