<?xml version="1.0" encoding="UTF-8"?>
<testsuites name="Test Suite" tests="5" failures="2" errors="0" time="13.1" timestamp="2026-01-27T10:00:00">
  <testsuite name="LoginTests" tests="3" failures="1" time="5.5">
    <testcase classname="LoginTests" name="should login with valid credentials" time="1.3"/>
    <testcase classname="LoginTests" name="should show error for invalid password" time="0.7"/>
    <testcase classname="LoginTests" name="should handle network timeout" time="3.5">
      <failure message="Connection refused">
        Error: ECONNREFUSED 127.0.0.1:3000
        at LoginTests.testNetworkTimeout (tests/login.spec.ts:45:10)
      </failure>
    </testcase>
  </testsuite>
  <testsuite name="CartTests" tests="2" failures="1" time="7.6">
    <testcase classname="CartTests" name="should add item to cart" time="2.3">
      <failure message="Element not found">
        TimeoutError: Waiting for selector ".add-to-cart-btn"
        at CartTests.testAddItem (tests/cart.spec.ts:15:5)
      </failure>
    </testcase>
    <testcase classname="CartTests" name="should calculate total correctly" time="5.3"/>
  </testsuite>
</testsuites>
